<?xml version="1.0" encoding="UTF-8"?>
<!-- Generated by org.testng.reporters.JUnitReportReporter -->
<testsuite hostname="PIO-PC339" failures="0" tests="1" name="testcases.Test1" time="2.039" errors="0" timestamp="2023-02-14T14:57:45 IST" skipped="0">
  <testcase classname="testcases.Test1" name="main" time="2.039"/>
  <system-out/>
</testsuite> <!-- testcases.Test1 -->
