<?xml version="1.0" encoding="UTF-8"?>
<!-- Generated by org.testng.reporters.JUnitReportReporter -->
<testsuite hostname="PIO-PC339" failures="0" tests="1" name="testcases.Test5" time="1988.134" errors="0" timestamp="2023-01-04T12:05:25 IST" skipped="0">
  <testcase classname="testcases.Test5" name="demo" time="1988.134"/>
  <system-out/>
</testsuite> <!-- testcases.Test5 -->
