<?xml version="1.0" encoding="UTF-8"?>
<!-- Generated by org.testng.reporters.JUnitReportReporter -->
<testsuite hostname="PIO-PC339" failures="0" tests="1" name="testcases.Test2" time="5.208" errors="0" timestamp="2023-02-14T15:50:13 IST" skipped="0">
  <testcase classname="testcases.Test2" name="demo" time="5.208"/>
  <system-out/>
</testsuite> <!-- testcases.Test2 -->
