<?xml version="1.0" encoding="UTF-8"?>
<!-- Generated by org.testng.reporters.JUnitReportReporter -->
<testsuite hostname="PIO-PC339" failures="0" tests="3" name="demotest.Test1" time="0.009" errors="0" timestamp="2023-09-04T17:45:38 IST" skipped="2">
  <testcase classname="demotest.Test1" name="Demo3" time="0.009"/>
  <system-out/>
  <testcase classname="demotest.Test1" name="dmo2">
    <skipped/>
  </testcase> <!-- dmo2 -->
  <system-out/>
  <testcase classname="demotest.Test1" name="demo1">
    <skipped/>
  </testcase> <!-- demo1 -->
  <system-out/>
</testsuite> <!-- demotest.Test1 -->
