<?xml version="1.0" encoding="UTF-8"?>
<!-- Generated by org.testng.reporters.JUnitReportReporter -->
<testsuite hostname="PIO-PC339" failures="0" tests="1" name="demotest.Propertyfileconcept" time="7.432" errors="0" timestamp="2023-06-23T12:54:49 IST" skipped="0">
  <testcase classname="demotest.Propertyfileconcept" name="fetchdata" time="7.432"/>
  <system-out/>
</testsuite> <!-- demotest.Propertyfileconcept -->
