<?xml version="1.0" encoding="UTF-8"?>
<!-- Generated by org.testng.reporters.JUnitReportReporter -->
<testsuite hostname="PIO-PC339" failures="0" tests="1" name="demotest.Getwindowhandles" time="32.945" errors="0" timestamp="2023-06-20T16:56:13 IST" skipped="0">
  <testcase classname="demotest.Getwindowhandles" name="windowhandles" time="32.945"/>
  <system-out/>
</testsuite> <!-- demotest.Getwindowhandles -->
