<?xml version="1.0" encoding="UTF-8"?>
<!-- Generated by org.testng.reporters.JUnitReportReporter -->
<testsuite hostname="PIO-PC339" failures="0" tests="2" name="demotest.Currentdate" time="0.037" errors="0" timestamp="2023-06-14T18:34:38 IST" skipped="0">
  <testcase classname="demotest.Currentdate" name="SelectCurrentDate2" time="0.022"/>
  <system-out/>
  <testcase classname="demotest.Currentdate" name="SelectCurrentDate1" time="0.015"/>
  <system-out/>
</testsuite> <!-- demotest.Currentdate -->
