<?xml version="1.0" encoding="UTF-8"?>
<!-- Generated by org.testng.reporters.JUnitReportReporter -->
<testsuite hostname="PIO-PC339" failures="0" tests="1" name="demotest.Hashmapconcept" time="3.787" errors="0" timestamp="2022-07-12T14:26:10 IST" skipped="0">
  <testcase classname="demotest.Hashmapconcept" name="fetch" time="3.787"/>
  <system-out/>
</testsuite> <!-- demotest.Hashmapconcept -->
