<?xml version="1.0" encoding="UTF-8"?>
<!-- Generated by org.testng.reporters.JUnitReportReporter -->
<testsuite hostname="PIO-PC339" failures="0" tests="1" name="demotest.Excelfileconcept" time="3.657" errors="0" timestamp="2023-06-14T17:06:36 IST" skipped="0">
  <testcase classname="demotest.Excelfileconcept" name="exceldatas" time="3.657"/>
  <system-out/>
</testsuite> <!-- demotest.Excelfileconcept -->
