<?xml version="1.0" encoding="UTF-8"?>
<!-- Generated by org.testng.reporters.JUnitReportReporter -->
<testsuite hostname="PIO-PC339" failures="0" tests="1" name="demotest.readDatafromtestng" time="5.768" errors="0" timestamp="2023-06-26T13:11:13 IST" skipped="0">
  <testcase classname="demotest.readDatafromtestng" name="run" time="5.768"/>
  <system-out/>
</testsuite> <!-- demotest.readDatafromtestng -->
