<?xml version="1.0" encoding="UTF-8"?>
<!-- Generated by org.testng.reporters.JUnitReportReporter -->
<testsuite hostname="PIO-PC339" failures="0" tests="8" name="demotest.Test3" time="0.009" errors="0" timestamp="2023-06-14T18:11:28 IST" skipped="7">
  <testcase classname="demotest.Test3" name="fetch" time="0.009"/>
  <system-out/>
  <testcase classname="demotest.Test3" name="demo1">
    <skipped/>
  </testcase> <!-- demo1 -->
  <system-out/>
  <testcase classname="demotest.Test3" name="pagination">
    <skipped/>
  </testcase> <!-- pagination -->
  <system-out/>
  <testcase classname="demotest.Test3" name="excelData">
    <skipped/>
  </testcase> <!-- excelData -->
  <system-out/>
  <testcase classname="demotest.Test3" name="getWindowHandles">
    <skipped/>
  </testcase> <!-- getWindowHandles -->
  <system-out/>
  <testcase classname="demotest.Test3" name="draganddrop">
    <skipped/>
  </testcase> <!-- draganddrop -->
  <system-out/>
  <testcase classname="demotest.Test3" name="date">
    <skipped/>
  </testcase> <!-- date -->
  <system-out/>
  <testcase classname="demotest.Test3" name="logoisDisplayed">
    <skipped/>
  </testcase> <!-- logoisDisplayed -->
  <system-out/>
</testsuite> <!-- demotest.Test3 -->
